[GFX1-]: Receive IPC close with reason=AbnormalShutdown
Exiting due to channel error.
[GFX1-]: Receive IPC close with reason=AbnormalShutdown
Exiting due to channel error.
[GFX1-]: Receive IPC close with reason=AbnormalShutdown
Exiting due to channel error.
Exiting due to channel error.
[GFX1-]: Receive IPC close with reason=AbnormalShutdown
Exiting due to channel error.
1559883311382	mozrunner::runner	INFO	Running command: "/Applications/Firefox.app/Contents/MacOS/firefox-bin" "-marionette" "-foreground" "-no-remote" "-profile" "/var/folders/9p/3nlkg44n0bq6x3vrlm3cnxd80000gn/T/rust_mozprofile.sNSjvEReGJze"
1559883312045	addons.webextension.screenshots@mozilla.org	WARN	Loading extension 'screenshots@mozilla.org': Reading manifest: Invalid extension permission: mozillaAddons
1559883312046	addons.webextension.screenshots@mozilla.org	WARN	Loading extension 'screenshots@mozilla.org': Reading manifest: Invalid extension permission: resource://pdf.js/
1559883312046	addons.webextension.screenshots@mozilla.org	WARN	Loading extension 'screenshots@mozilla.org': Reading manifest: Invalid extension permission: about:reader*
1559883313850	Marionette	INFO	Listening on port 57855
1559883313950	Marionette	WARN	TLS certificate errors will be ignored for this session
console.error: BroadcastService: 
  receivedBroadcastMessage: handler for
  remote-settings/monitor_changes
  threw error:
  Message: Error: Polling for changes failed: http://%(server)s/dummy/blocklist//buckets/monitor/collections/changes/records?_expected=%221559849104725%22 is not a valid URL..
  Stack:
    remoteSettingsFunction/remoteSettings.pollChanges@resource://services-settings/remote-settings.js:203:13

1559884133301	mozrunner::runner	INFO	Running command: "/Applications/Firefox.app/Contents/MacOS/firefox-bin" "-marionette" "-foreground" "-no-remote" "-profile" "/var/folders/9p/3nlkg44n0bq6x3vrlm3cnxd80000gn/T/rust_mozprofile.aOUCSrCkXuO6"
1559884133989	addons.webextension.screenshots@mozilla.org	WARN	Loading extension 'screenshots@mozilla.org': Reading manifest: Invalid extension permission: mozillaAddons
1559884133989	addons.webextension.screenshots@mozilla.org	WARN	Loading extension 'screenshots@mozilla.org': Reading manifest: Invalid extension permission: resource://pdf.js/
1559884133989	addons.webextension.screenshots@mozilla.org	WARN	Loading extension 'screenshots@mozilla.org': Reading manifest: Invalid extension permission: about:reader*
1559884135850	Marionette	INFO	Listening on port 58793
1559884135875	Marionette	WARN	TLS certificate errors will be ignored for this session
1559884247101	mozrunner::runner	INFO	Running command: "/Applications/Firefox.app/Contents/MacOS/firefox-bin" "-marionette" "-foreground" "-no-remote" "-profile" "/var/folders/9p/3nlkg44n0bq6x3vrlm3cnxd80000gn/T/rust_mozprofile.raQfqdsBsq30"
1559884247786	addons.webextension.screenshots@mozilla.org	WARN	Loading extension 'screenshots@mozilla.org': Reading manifest: Invalid extension permission: mozillaAddons
1559884247786	addons.webextension.screenshots@mozilla.org	WARN	Loading extension 'screenshots@mozilla.org': Reading manifest: Invalid extension permission: resource://pdf.js/
1559884247786	addons.webextension.screenshots@mozilla.org	WARN	Loading extension 'screenshots@mozilla.org': Reading manifest: Invalid extension permission: about:reader*
1559884249668	Marionette	INFO	Listening on port 59311
1559884249699	Marionette	WARN	TLS certificate errors will be ignored for this session
console.error: BroadcastService: 
  receivedBroadcastMessage: handler for
  remote-settings/monitor_changes
  threw error:
  Message: Error: Polling for changes failed: http://%(server)s/dummy/blocklist//buckets/monitor/collections/changes/records?_expected=%221559849104725%22 is not a valid URL..
  Stack:
    remoteSettingsFunction/remoteSettings.pollChanges@resource://services-settings/remote-settings.js:203:13

console.error: BroadcastService: 
  receivedBroadcastMessage: handler for
  remote-settings/monitor_changes
  threw error:
  Message: Error: Polling for changes failed: http://%(server)s/dummy/blocklist//buckets/monitor/collections/changes/records?_expected=%221559849104725%22 is not a valid URL..
  Stack:
    remoteSettingsFunction/remoteSettings.pollChanges@resource://services-settings/remote-settings.js:203:13

1559884459947	mozrunner::runner	INFO	Running command: "/Applications/Firefox.app/Contents/MacOS/firefox-bin" "-marionette" "-foreground" "-no-remote" "-profile" "/var/folders/9p/3nlkg44n0bq6x3vrlm3cnxd80000gn/T/rust_mozprofile.2KJZyl1WVIMD"
1559884460641	addons.webextension.screenshots@mozilla.org	WARN	Loading extension 'screenshots@mozilla.org': Reading manifest: Invalid extension permission: mozillaAddons
1559884460642	addons.webextension.screenshots@mozilla.org	WARN	Loading extension 'screenshots@mozilla.org': Reading manifest: Invalid extension permission: resource://pdf.js/
1559884460642	addons.webextension.screenshots@mozilla.org	WARN	Loading extension 'screenshots@mozilla.org': Reading manifest: Invalid extension permission: about:reader*
1559884462586	Marionette	INFO	Listening on port 60234
1559884462636	Marionette	WARN	TLS certificate errors will be ignored for this session
1559884475433	Marionette	INFO	Stopped listening on port 60234
1559885184985	mozrunner::runner	INFO	Running command: "/Applications/Firefox.app/Contents/MacOS/firefox-bin" "-marionette" "-foreground" "-no-remote" "-profile" "/var/folders/9p/3nlkg44n0bq6x3vrlm3cnxd80000gn/T/rust_mozprofile.u3vBfHvHopk3"
1559885185597	addons.webextension.screenshots@mozilla.org	WARN	Loading extension 'screenshots@mozilla.org': Reading manifest: Invalid extension permission: mozillaAddons
1559885185597	addons.webextension.screenshots@mozilla.org	WARN	Loading extension 'screenshots@mozilla.org': Reading manifest: Invalid extension permission: resource://pdf.js/
1559885185597	addons.webextension.screenshots@mozilla.org	WARN	Loading extension 'screenshots@mozilla.org': Reading manifest: Invalid extension permission: about:reader*
1559885187580	Marionette	INFO	Listening on port 63212
1559885187664	Marionette	WARN	TLS certificate errors will be ignored for this session
console.error: BroadcastService: 
  receivedBroadcastMessage: handler for
  remote-settings/monitor_changes
  threw error:
  Message: Error: Polling for changes failed: http://%(server)s/dummy/blocklist//buckets/monitor/collections/changes/records?_expected=%221559849104725%22 is not a valid URL..
  Stack:
    remoteSettingsFunction/remoteSettings.pollChanges@resource://services-settings/remote-settings.js:203:13

1559885551517	mozrunner::runner	INFO	Running command: "/Applications/Firefox.app/Contents/MacOS/firefox-bin" "-marionette" "-foreground" "-no-remote" "-profile" "/var/folders/9p/3nlkg44n0bq6x3vrlm3cnxd80000gn/T/rust_mozprofile.3uyqzi9ztxQG"
1559885552233	addons.webextension.screenshots@mozilla.org	WARN	Loading extension 'screenshots@mozilla.org': Reading manifest: Invalid extension permission: mozillaAddons
1559885552234	addons.webextension.screenshots@mozilla.org	WARN	Loading extension 'screenshots@mozilla.org': Reading manifest: Invalid extension permission: resource://pdf.js/
1559885552234	addons.webextension.screenshots@mozilla.org	WARN	Loading extension 'screenshots@mozilla.org': Reading manifest: Invalid extension permission: about:reader*
1559885554107	Marionette	INFO	Listening on port 64749
1559885554188	Marionette	WARN	TLS certificate errors will be ignored for this session
console.error: BroadcastService: 
  receivedBroadcastMessage: handler for
  remote-settings/monitor_changes
  threw error:
  Message: Error: Polling for changes failed: http://%(server)s/dummy/blocklist//buckets/monitor/collections/changes/records?_expected=%221559849104725%22 is not a valid URL..
  Stack:
    remoteSettingsFunction/remoteSettings.pollChanges@resource://services-settings/remote-settings.js:203:13

1559885966702	mozrunner::runner	INFO	Running command: "/Applications/Firefox.app/Contents/MacOS/firefox-bin" "-marionette" "-foreground" "-no-remote" "-profile" "/var/folders/9p/3nlkg44n0bq6x3vrlm3cnxd80000gn/T/rust_mozprofile.UXUpHWdZheFo"
1559885967394	addons.webextension.screenshots@mozilla.org	WARN	Loading extension 'screenshots@mozilla.org': Reading manifest: Invalid extension permission: mozillaAddons
1559885967394	addons.webextension.screenshots@mozilla.org	WARN	Loading extension 'screenshots@mozilla.org': Reading manifest: Invalid extension permission: resource://pdf.js/
1559885967394	addons.webextension.screenshots@mozilla.org	WARN	Loading extension 'screenshots@mozilla.org': Reading manifest: Invalid extension permission: about:reader*
1559885969282	Marionette	INFO	Listening on port 50099
1559885970231	Marionette	WARN	TLS certificate errors will be ignored for this session
1559886061356	mozrunner::runner	INFO	Running command: "/Applications/Firefox.app/Contents/MacOS/firefox-bin" "-marionette" "-foreground" "-no-remote" "-profile" "/var/folders/9p/3nlkg44n0bq6x3vrlm3cnxd80000gn/T/rust_mozprofile.drqWbf7c2M7C"
1559886062032	addons.webextension.screenshots@mozilla.org	WARN	Loading extension 'screenshots@mozilla.org': Reading manifest: Invalid extension permission: mozillaAddons
1559886062032	addons.webextension.screenshots@mozilla.org	WARN	Loading extension 'screenshots@mozilla.org': Reading manifest: Invalid extension permission: resource://pdf.js/
1559886062032	addons.webextension.screenshots@mozilla.org	WARN	Loading extension 'screenshots@mozilla.org': Reading manifest: Invalid extension permission: about:reader*
1559886063926	Marionette	INFO	Listening on port 50547
1559886064042	Marionette	WARN	TLS certificate errors will be ignored for this session
1559886179008	Marionette	INFO	Stopped listening on port 63212
1559886180547	Marionette	INFO	Stopped listening on port 59311
1559886182032	Marionette	INFO	Stopped listening on port 58793
1559886183426	Marionette	INFO	Stopped listening on port 57855

###!!! [Parent][MessageChannel] Error: (msgtype=0x1B0011,name=PBackgroundStorage::Msg_Observe) Channel error: cannot send/recv

1559886186837	Marionette	INFO	Stopped listening on port 50547
1559886190361	Marionette	INFO	Stopped listening on port 64749
1559886194032	Marionette	INFO	Stopped listening on port 50099
1559886218628	mozrunner::runner	INFO	Running command: "/Applications/Firefox.app/Contents/MacOS/firefox-bin" "-marionette" "-foreground" "-no-remote" "-profile" "/var/folders/9p/3nlkg44n0bq6x3vrlm3cnxd80000gn/T/rust_mozprofile.j71LRDBvxKY3"
1559886219193	addons.webextension.screenshots@mozilla.org	WARN	Loading extension 'screenshots@mozilla.org': Reading manifest: Invalid extension permission: mozillaAddons
1559886219193	addons.webextension.screenshots@mozilla.org	WARN	Loading extension 'screenshots@mozilla.org': Reading manifest: Invalid extension permission: resource://pdf.js/
1559886219193	addons.webextension.screenshots@mozilla.org	WARN	Loading extension 'screenshots@mozilla.org': Reading manifest: Invalid extension permission: about:reader*
1559886220976	Marionette	INFO	Listening on port 51276
1559886221931	Marionette	WARN	TLS certificate errors will be ignored for this session
1559886267873	mozrunner::runner	INFO	Running command: "/Applications/Firefox.app/Contents/MacOS/firefox-bin" "-marionette" "-foreground" "-no-remote" "-profile" "/var/folders/9p/3nlkg44n0bq6x3vrlm3cnxd80000gn/T/rust_mozprofile.Mvl3Pkd3THIy"
1559886268450	addons.webextension.screenshots@mozilla.org	WARN	Loading extension 'screenshots@mozilla.org': Reading manifest: Invalid extension permission: mozillaAddons
1559886268450	addons.webextension.screenshots@mozilla.org	WARN	Loading extension 'screenshots@mozilla.org': Reading manifest: Invalid extension permission: resource://pdf.js/
1559886268451	addons.webextension.screenshots@mozilla.org	WARN	Loading extension 'screenshots@mozilla.org': Reading manifest: Invalid extension permission: about:reader*
1559886270499	Marionette	INFO	Listening on port 51537
1559886270547	Marionette	WARN	TLS certificate errors will be ignored for this session
2019-06-06 22:44:31.548 firefox-bin[76272:10274248] -deltaZ is deprecated for NSEventTypeMagnify.  Please use -magnification.
1559886808623	Marionette	INFO	Stopped listening on port 51537
1559886815868	mozrunner::runner	INFO	Running command: "/Applications/Firefox.app/Contents/MacOS/firefox-bin" "-marionette" "-foreground" "-no-remote" "-profile" "/var/folders/9p/3nlkg44n0bq6x3vrlm3cnxd80000gn/T/rust_mozprofile.uZ4WJVnVgpdB"
1559886816446	addons.webextension.screenshots@mozilla.org	WARN	Loading extension 'screenshots@mozilla.org': Reading manifest: Invalid extension permission: mozillaAddons
1559886816446	addons.webextension.screenshots@mozilla.org	WARN	Loading extension 'screenshots@mozilla.org': Reading manifest: Invalid extension permission: resource://pdf.js/
1559886816446	addons.webextension.screenshots@mozilla.org	WARN	Loading extension 'screenshots@mozilla.org': Reading manifest: Invalid extension permission: about:reader*
1559886818325	Marionette	INFO	Listening on port 53851
1559886818335	Marionette	WARN	TLS certificate errors will be ignored for this session
1559886863022	mozrunner::runner	INFO	Running command: "/Applications/Firefox.app/Contents/MacOS/firefox-bin" "-marionette" "-foreground" "-no-remote" "-profile" "/var/folders/9p/3nlkg44n0bq6x3vrlm3cnxd80000gn/T/rust_mozprofile.7M2SAlipuLJc"
1559886863591	addons.webextension.screenshots@mozilla.org	WARN	Loading extension 'screenshots@mozilla.org': Reading manifest: Invalid extension permission: mozillaAddons
1559886863591	addons.webextension.screenshots@mozilla.org	WARN	Loading extension 'screenshots@mozilla.org': Reading manifest: Invalid extension permission: resource://pdf.js/
1559886863591	addons.webextension.screenshots@mozilla.org	WARN	Loading extension 'screenshots@mozilla.org': Reading manifest: Invalid extension permission: about:reader*
1559886865449	Marionette	INFO	Listening on port 54108
1559886865481	Marionette	WARN	TLS certificate errors will be ignored for this session
1559887549407	mozrunner::runner	INFO	Running command: "/Applications/Firefox.app/Contents/MacOS/firefox-bin" "-marionette" "-foreground" "-no-remote" "-profile" "/var/folders/9p/3nlkg44n0bq6x3vrlm3cnxd80000gn/T/rust_mozprofile.BO9JVkA8EmZ8"
1559887550000	addons.webextension.screenshots@mozilla.org	WARN	Loading extension 'screenshots@mozilla.org': Reading manifest: Invalid extension permission: mozillaAddons
1559887550000	addons.webextension.screenshots@mozilla.org	WARN	Loading extension 'screenshots@mozilla.org': Reading manifest: Invalid extension permission: resource://pdf.js/
1559887550000	addons.webextension.screenshots@mozilla.org	WARN	Loading extension 'screenshots@mozilla.org': Reading manifest: Invalid extension permission: about:reader*
1559887551888	Marionette	INFO	Listening on port 56961
1559887551964	Marionette	WARN	TLS certificate errors will be ignored for this session
1559887560467	Marionette	INFO	Stopped listening on port 54108
1559887564169	Marionette	INFO	Stopped listening on port 53851
1559887565962	Marionette	INFO	Stopped listening on port 56961
1559887588349	mozrunner::runner	INFO	Running command: "/Applications/Firefox.app/Contents/MacOS/firefox-bin" "-marionette" "-foreground" "-no-remote" "-profile" "/var/folders/9p/3nlkg44n0bq6x3vrlm3cnxd80000gn/T/rust_mozprofile.nn9f70iOHoEf"
1559887588924	addons.webextension.screenshots@mozilla.org	WARN	Loading extension 'screenshots@mozilla.org': Reading manifest: Invalid extension permission: mozillaAddons
1559887588925	addons.webextension.screenshots@mozilla.org	WARN	Loading extension 'screenshots@mozilla.org': Reading manifest: Invalid extension permission: resource://pdf.js/
1559887588925	addons.webextension.screenshots@mozilla.org	WARN	Loading extension 'screenshots@mozilla.org': Reading manifest: Invalid extension permission: about:reader*
1559887590857	Marionette	INFO	Listening on port 57187
1559887590904	Marionette	WARN	TLS certificate errors will be ignored for this session
1559887857790	mozrunner::runner	INFO	Running command: "/Applications/Firefox.app/Contents/MacOS/firefox-bin" "-marionette" "-foreground" "-no-remote" "-profile" "/var/folders/9p/3nlkg44n0bq6x3vrlm3cnxd80000gn/T/rust_mozprofile.olN6hBwGTg6e"
1559887858393	addons.webextension.screenshots@mozilla.org	WARN	Loading extension 'screenshots@mozilla.org': Reading manifest: Invalid extension permission: mozillaAddons
1559887858393	addons.webextension.screenshots@mozilla.org	WARN	Loading extension 'screenshots@mozilla.org': Reading manifest: Invalid extension permission: resource://pdf.js/
1559887858393	addons.webextension.screenshots@mozilla.org	WARN	Loading extension 'screenshots@mozilla.org': Reading manifest: Invalid extension permission: about:reader*
1559887860349	Marionette	INFO	Listening on port 58323
1559887860443	Marionette	WARN	TLS certificate errors will be ignored for this session
1559887884845	Marionette	INFO	Stopped listening on port 58323
1559887886344	Marionette	INFO	Stopped listening on port 57187
1559887889384	mozrunner::runner	INFO	Running command: "/Applications/Firefox.app/Contents/MacOS/firefox-bin" "-marionette" "-foreground" "-no-remote" "-profile" "/var/folders/9p/3nlkg44n0bq6x3vrlm3cnxd80000gn/T/rust_mozprofile.D4S0JGVznVar"
1559887889949	addons.webextension.screenshots@mozilla.org	WARN	Loading extension 'screenshots@mozilla.org': Reading manifest: Invalid extension permission: mozillaAddons
1559887889949	addons.webextension.screenshots@mozilla.org	WARN	Loading extension 'screenshots@mozilla.org': Reading manifest: Invalid extension permission: resource://pdf.js/
1559887889949	addons.webextension.screenshots@mozilla.org	WARN	Loading extension 'screenshots@mozilla.org': Reading manifest: Invalid extension permission: about:reader*
1559887891870	Marionette	INFO	Listening on port 58519
1559887891941	Marionette	WARN	TLS certificate errors will be ignored for this session
1559887903237	Marionette	INFO	Stopped listening on port 58519
1559887943749	mozrunner::runner	INFO	Running command: "/Applications/Firefox.app/Contents/MacOS/firefox-bin" "-marionette" "-foreground" "-no-remote" "-profile" "/var/folders/9p/3nlkg44n0bq6x3vrlm3cnxd80000gn/T/rust_mozprofile.KDpR6pPErNxV"
1559887944312	addons.webextension.screenshots@mozilla.org	WARN	Loading extension 'screenshots@mozilla.org': Reading manifest: Invalid extension permission: mozillaAddons
1559887944312	addons.webextension.screenshots@mozilla.org	WARN	Loading extension 'screenshots@mozilla.org': Reading manifest: Invalid extension permission: resource://pdf.js/
1559887944312	addons.webextension.screenshots@mozilla.org	WARN	Loading extension 'screenshots@mozilla.org': Reading manifest: Invalid extension permission: about:reader*
1559887946088	Marionette	INFO	Listening on port 58804
1559887946104	Marionette	WARN	TLS certificate errors will be ignored for this session
1559888231876	mozrunner::runner	INFO	Running command: "/Applications/Firefox.app/Contents/MacOS/firefox-bin" "-marionette" "-foreground" "-no-remote" "-profile" "/var/folders/9p/3nlkg44n0bq6x3vrlm3cnxd80000gn/T/rust_mozprofile.h9eumMctgipt"
1559888232498	addons.webextension.screenshots@mozilla.org	WARN	Loading extension 'screenshots@mozilla.org': Reading manifest: Invalid extension permission: mozillaAddons
1559888232499	addons.webextension.screenshots@mozilla.org	WARN	Loading extension 'screenshots@mozilla.org': Reading manifest: Invalid extension permission: resource://pdf.js/
1559888232499	addons.webextension.screenshots@mozilla.org	WARN	Loading extension 'screenshots@mozilla.org': Reading manifest: Invalid extension permission: about:reader*
1559888234350	Marionette	INFO	Listening on port 60050
1559888234441	Marionette	WARN	TLS certificate errors will be ignored for this session
1559888279051	Marionette	INFO	Stopped listening on port 60050
1559888282275	Marionette	INFO	Stopped listening on port 58804
1559888381954	mozrunner::runner	INFO	Running command: "/Applications/Firefox.app/Contents/MacOS/firefox-bin" "-marionette" "-foreground" "-no-remote" "-profile" "/var/folders/9p/3nlkg44n0bq6x3vrlm3cnxd80000gn/T/rust_mozprofile.Bj6FCwgoq66N"
1559888382526	addons.webextension.screenshots@mozilla.org	WARN	Loading extension 'screenshots@mozilla.org': Reading manifest: Invalid extension permission: mozillaAddons
1559888382527	addons.webextension.screenshots@mozilla.org	WARN	Loading extension 'screenshots@mozilla.org': Reading manifest: Invalid extension permission: resource://pdf.js/
1559888382527	addons.webextension.screenshots@mozilla.org	WARN	Loading extension 'screenshots@mozilla.org': Reading manifest: Invalid extension permission: about:reader*
1559888384311	Marionette	INFO	Listening on port 60742
1559888384335	Marionette	WARN	TLS certificate errors will be ignored for this session
1559888472445	mozrunner::runner	INFO	Running command: "/Applications/Firefox.app/Contents/MacOS/firefox-bin" "-marionette" "-foreground" "-no-remote" "-profile" "/var/folders/9p/3nlkg44n0bq6x3vrlm3cnxd80000gn/T/rust_mozprofile.HeSftLChLyLl"
1559888473045	addons.webextension.screenshots@mozilla.org	WARN	Loading extension 'screenshots@mozilla.org': Reading manifest: Invalid extension permission: mozillaAddons
1559888473045	addons.webextension.screenshots@mozilla.org	WARN	Loading extension 'screenshots@mozilla.org': Reading manifest: Invalid extension permission: resource://pdf.js/
1559888473046	addons.webextension.screenshots@mozilla.org	WARN	Loading extension 'screenshots@mozilla.org': Reading manifest: Invalid extension permission: about:reader*
1559888474947	Marionette	INFO	Listening on port 61169
1559888475005	Marionette	WARN	TLS certificate errors will be ignored for this session
1559888542483	mozrunner::runner	INFO	Running command: "/Applications/Firefox.app/Contents/MacOS/firefox-bin" "-marionette" "-foreground" "-no-remote" "-profile" "/var/folders/9p/3nlkg44n0bq6x3vrlm3cnxd80000gn/T/rust_mozprofile.CBOOxSZQzdBE"
1559888543060	addons.webextension.screenshots@mozilla.org	WARN	Loading extension 'screenshots@mozilla.org': Reading manifest: Invalid extension permission: mozillaAddons
1559888543061	addons.webextension.screenshots@mozilla.org	WARN	Loading extension 'screenshots@mozilla.org': Reading manifest: Invalid extension permission: resource://pdf.js/
1559888543061	addons.webextension.screenshots@mozilla.org	WARN	Loading extension 'screenshots@mozilla.org': Reading manifest: Invalid extension permission: about:reader*
1559888544869	Marionette	INFO	Listening on port 61516
1559888544945	Marionette	WARN	TLS certificate errors will be ignored for this session
1559888597398	mozrunner::runner	INFO	Running command: "/Applications/Firefox.app/Contents/MacOS/firefox-bin" "-marionette" "-foreground" "-no-remote" "-profile" "/var/folders/9p/3nlkg44n0bq6x3vrlm3cnxd80000gn/T/rust_mozprofile.RtPJdKc77Omq"
1559888598026	addons.webextension.screenshots@mozilla.org	WARN	Loading extension 'screenshots@mozilla.org': Reading manifest: Invalid extension permission: mozillaAddons
1559888598027	addons.webextension.screenshots@mozilla.org	WARN	Loading extension 'screenshots@mozilla.org': Reading manifest: Invalid extension permission: resource://pdf.js/
1559888598027	addons.webextension.screenshots@mozilla.org	WARN	Loading extension 'screenshots@mozilla.org': Reading manifest: Invalid extension permission: about:reader*
1559888600034	Marionette	INFO	Listening on port 61811
1559888600055	Marionette	WARN	TLS certificate errors will be ignored for this session
1559888624541	mozrunner::runner	INFO	Running command: "/Applications/Firefox.app/Contents/MacOS/firefox-bin" "-marionette" "-foreground" "-no-remote" "-profile" "/var/folders/9p/3nlkg44n0bq6x3vrlm3cnxd80000gn/T/rust_mozprofile.LxUskemD3fGp"
1559888625194	addons.webextension.screenshots@mozilla.org	WARN	Loading extension 'screenshots@mozilla.org': Reading manifest: Invalid extension permission: mozillaAddons
1559888625195	addons.webextension.screenshots@mozilla.org	WARN	Loading extension 'screenshots@mozilla.org': Reading manifest: Invalid extension permission: resource://pdf.js/
1559888625195	addons.webextension.screenshots@mozilla.org	WARN	Loading extension 'screenshots@mozilla.org': Reading manifest: Invalid extension permission: about:reader*
1559888627002	Marionette	INFO	Listening on port 61989
1559888627099	Marionette	WARN	TLS certificate errors will be ignored for this session
1559888702302	mozrunner::runner	INFO	Running command: "/Applications/Firefox.app/Contents/MacOS/firefox-bin" "-marionette" "-foreground" "-no-remote" "-profile" "/var/folders/9p/3nlkg44n0bq6x3vrlm3cnxd80000gn/T/rust_mozprofile.miPHRWAbKsJ5"
1559888702892	addons.webextension.screenshots@mozilla.org	WARN	Loading extension 'screenshots@mozilla.org': Reading manifest: Invalid extension permission: mozillaAddons
1559888702892	addons.webextension.screenshots@mozilla.org	WARN	Loading extension 'screenshots@mozilla.org': Reading manifest: Invalid extension permission: resource://pdf.js/
1559888702892	addons.webextension.screenshots@mozilla.org	WARN	Loading extension 'screenshots@mozilla.org': Reading manifest: Invalid extension permission: about:reader*
1559888704781	Marionette	INFO	Listening on port 62394
1559888704875	Marionette	WARN	TLS certificate errors will be ignored for this session
1559888736453	mozrunner::runner	INFO	Running command: "/Applications/Firefox.app/Contents/MacOS/firefox-bin" "-marionette" "-foreground" "-no-remote" "-profile" "/var/folders/9p/3nlkg44n0bq6x3vrlm3cnxd80000gn/T/rust_mozprofile.ZoeA55gqeWI3"
1559888737039	addons.webextension.screenshots@mozilla.org	WARN	Loading extension 'screenshots@mozilla.org': Reading manifest: Invalid extension permission: mozillaAddons
1559888737040	addons.webextension.screenshots@mozilla.org	WARN	Loading extension 'screenshots@mozilla.org': Reading manifest: Invalid extension permission: resource://pdf.js/
1559888737040	addons.webextension.screenshots@mozilla.org	WARN	Loading extension 'screenshots@mozilla.org': Reading manifest: Invalid extension permission: about:reader*
1559888738888	Marionette	INFO	Listening on port 62599
1559888738917	Marionette	WARN	TLS certificate errors will be ignored for this session

###!!! [Parent][MessageChannel] Error: (msgtype=0x1B0011,name=PBackgroundStorage::Msg_Observe) Channel error: cannot send/recv

1559888920951	Marionette	INFO	Stopped listening on port 62599
1559888922234	Marionette	INFO	Stopped listening on port 62394
1559888925188	Marionette	INFO	Stopped listening on port 61169
1559888929513	Marionette	INFO	Stopped listening on port 61516
1559888936051	Marionette	INFO	Stopped listening on port 61811
1559888937834	Marionette	INFO	Stopped listening on port 60742
1559888940538	Marionette	INFO	Stopped listening on port 61989
1559888991413	mozrunner::runner	INFO	Running command: "/Applications/Firefox.app/Contents/MacOS/firefox-bin" "-marionette" "-foreground" "-no-remote" "-profile" "/var/folders/9p/3nlkg44n0bq6x3vrlm3cnxd80000gn/T/rust_mozprofile.tbLLDNxdgvDS"
1559888991988	addons.webextension.screenshots@mozilla.org	WARN	Loading extension 'screenshots@mozilla.org': Reading manifest: Invalid extension permission: mozillaAddons
1559888991989	addons.webextension.screenshots@mozilla.org	WARN	Loading extension 'screenshots@mozilla.org': Reading manifest: Invalid extension permission: resource://pdf.js/
1559888991989	addons.webextension.screenshots@mozilla.org	WARN	Loading extension 'screenshots@mozilla.org': Reading manifest: Invalid extension permission: about:reader*
1559888993761	Marionette	INFO	Listening on port 63700
1559888993780	Marionette	WARN	TLS certificate errors will be ignored for this session
1559889019790	mozrunner::runner	INFO	Running command: "/Applications/Firefox.app/Contents/MacOS/firefox-bin" "-marionette" "-foreground" "-no-remote" "-profile" "/var/folders/9p/3nlkg44n0bq6x3vrlm3cnxd80000gn/T/rust_mozprofile.Jp9tHZtSotLW"
1559889020376	addons.webextension.screenshots@mozilla.org	WARN	Loading extension 'screenshots@mozilla.org': Reading manifest: Invalid extension permission: mozillaAddons
1559889020376	addons.webextension.screenshots@mozilla.org	WARN	Loading extension 'screenshots@mozilla.org': Reading manifest: Invalid extension permission: resource://pdf.js/
1559889020376	addons.webextension.screenshots@mozilla.org	WARN	Loading extension 'screenshots@mozilla.org': Reading manifest: Invalid extension permission: about:reader*
1559889022140	Marionette	INFO	Listening on port 63876
1559889023093	Marionette	WARN	TLS certificate errors will be ignored for this session
1559889296633	mozrunner::runner	INFO	Running command: "/Applications/Firefox.app/Contents/MacOS/firefox-bin" "-marionette" "-foreground" "-no-remote" "-profile" "/var/folders/9p/3nlkg44n0bq6x3vrlm3cnxd80000gn/T/rust_mozprofile.gdYNB4h1gHl3"
1559889297218	addons.webextension.screenshots@mozilla.org	WARN	Loading extension 'screenshots@mozilla.org': Reading manifest: Invalid extension permission: mozillaAddons
1559889297219	addons.webextension.screenshots@mozilla.org	WARN	Loading extension 'screenshots@mozilla.org': Reading manifest: Invalid extension permission: resource://pdf.js/
1559889297219	addons.webextension.screenshots@mozilla.org	WARN	Loading extension 'screenshots@mozilla.org': Reading manifest: Invalid extension permission: about:reader*
1559889299059	Marionette	INFO	Listening on port 65088
1559889299110	Marionette	WARN	TLS certificate errors will be ignored for this session
1559889338276	Marionette	INFO	Stopped listening on port 65088
1559889340535	Marionette	INFO	Stopped listening on port 63876
1559889342128	Marionette	INFO	Stopped listening on port 63700
1559962520311	mozrunner::runner	INFO	Running command: "/Applications/Firefox.app/Contents/MacOS/firefox-bin" "-marionette" "-foreground" "-no-remote" "-profile" "/var/folders/9p/3nlkg44n0bq6x3vrlm3cnxd80000gn/T/rust_mozprofile.ue2I1R0OREeF"
1559962521120	addons.webextension.screenshots@mozilla.org	WARN	Loading extension 'screenshots@mozilla.org': Reading manifest: Invalid extension permission: mozillaAddons
1559962521121	addons.webextension.screenshots@mozilla.org	WARN	Loading extension 'screenshots@mozilla.org': Reading manifest: Invalid extension permission: resource://pdf.js/
1559962521121	addons.webextension.screenshots@mozilla.org	WARN	Loading extension 'screenshots@mozilla.org': Reading manifest: Invalid extension permission: about:reader*
1559962523284	Marionette	INFO	Listening on port 51084
1559962523374	Marionette	WARN	TLS certificate errors will be ignored for this session
1559962568907	mozrunner::runner	INFO	Running command: "/Applications/Firefox.app/Contents/MacOS/firefox-bin" "-marionette" "-foreground" "-no-remote" "-profile" "/var/folders/9p/3nlkg44n0bq6x3vrlm3cnxd80000gn/T/rust_mozprofile.DKRp43xg00Of"
1559962569474	addons.webextension.screenshots@mozilla.org	WARN	Loading extension 'screenshots@mozilla.org': Reading manifest: Invalid extension permission: mozillaAddons
1559962569474	addons.webextension.screenshots@mozilla.org	WARN	Loading extension 'screenshots@mozilla.org': Reading manifest: Invalid extension permission: resource://pdf.js/
1559962569475	addons.webextension.screenshots@mozilla.org	WARN	Loading extension 'screenshots@mozilla.org': Reading manifest: Invalid extension permission: about:reader*
1559962571362	Marionette	INFO	Listening on port 51357
1559962572300	Marionette	WARN	TLS certificate errors will be ignored for this session
1559962667894	Marionette	INFO	Stopped listening on port 51357
1559962670630	Marionette	INFO	Stopped listening on port 51084
1559986518637	Marionette	INFO	Stopped listening on port 51276
